<?xml version="1.0" encoding="UTF-8"?>
<!-- Generated by org.testng.reporters.JUnitReportReporter -->
<testsuite skipped="0" hostname="DESKTOP-O6USHPG" name="com.pom.qa.tests.HomePageTests" tests="1" failures="0" timestamp="24 Jan 2020 01:03:25 GMT" time="15.164" errors="0">
  <testcase name="homePageTitleTest" time="15.164" classname="com.pom.qa.tests.HomePageTests"/>
</testsuite> <!-- com.pom.qa.tests.HomePageTests -->
